2022-04-21 18:26:23 error [www]: GET undefinedNot Found
2022-04-22 09:38:06 error [www]: GET undefinedProtocol "https:" not supported. Expected "http:"
2022-04-22 09:39:11 error [www]: GET undefinedProtocol "https:" not supported. Expected "http:"
2022-04-22 10:56:11 error [www]: OPTIONS undefinedNot Found
2022-04-22 10:56:11 error [www]: OPTIONS undefinedNot Found
2022-04-22 10:56:15 error [www]: OPTIONS undefinedNot Found
2022-04-22 10:56:15 error [www]: OPTIONS undefinedNot Found
2022-04-22 10:59:43 error [www]: OPTIONS undefinedNot Found
2022-04-22 11:00:37 error [www]: OPTIONS undefinedNot Found
2022-04-22 11:08:01 error [www]: OPTIONS undefinedNot Found
2022-04-22 11:16:40 error [www]: OPTIONS undefinedNot Found
2022-04-22 11:19:28 error [www]: OPTIONS undefinedNot Found
2022-04-22 11:20:03 error [www]: OPTIONS undefinedNot Found
2022-04-22 11:22:17 error [www]: OPTIONS undefinedNot Found
2022-04-22 11:23:18 error [www]: OPTIONS undefinedNot Found
2022-04-22 11:23:41 error [www]: OPTIONS undefinedNot Found
2022-04-22 11:24:21 error [www]: OPTIONS undefinedNot Found
2022-04-22 11:28:41 error [www]: OPTIONS undefinedNot Found
2022-04-22 11:38:48 error [www]: OPTIONS undefinedNot Found
2022-04-22 11:40:16 error [www]: OPTIONS undefinedNot Found
2022-04-22 11:42:28 error [www]: OPTIONS undefinedNot Found
2022-04-22 11:44:13 error [www]: OPTIONS undefinedNot Found
2022-04-22 11:48:19 error [www]: OPTIONS undefinedNot Found
2022-04-22 11:54:56 error [www]: OPTIONS undefinedNot Found
2022-04-22 11:55:10 error [www]: OPTIONS undefinedNot Found
2022-04-22 11:56:57 error [www]: OPTIONS undefinedNot Found
2022-04-22 11:59:34 error [www]: OPTIONS undefinedNot Found
2022-04-22 12:40:58 error [www]: OPTIONS undefinedNot Found
2022-04-22 12:43:13 error [www]: OPTIONS undefinedNot Found
2022-04-22 12:44:33 error [www]: OPTIONS undefinedNot Found
2022-04-22 12:44:45 error [www]: OPTIONS undefinedNot Found
2022-04-22 12:44:45 error [www]: OPTIONS undefinedNot Found
2022-04-22 12:44:46 error [www]: OPTIONS undefinedNot Found
2022-04-22 12:47:41 error [www]: GET undefinedres.Header is not a function
2022-04-22 12:47:42 error [www]: GET undefinedNot Found
2022-04-22 12:48:22 error [www]: GET undefinedNot Found
2022-04-22 12:48:42 error [www]: GET undefinedNot Found
2022-04-22 12:51:39 error [www]: GET undefinedProtocol "https:" not supported. Expected "http:"
2022-04-22 12:51:39 error [www]: GET undefinedNot Found
2022-04-22 14:10:10 error [www]: GET undefinedNot Found
2022-04-22 14:10:10 error [www]: GET undefinedNot Found
2022-04-22 14:10:18 error [www]: GET undefinedNot Found
2022-04-22 14:10:18 error [www]: GET undefinedNot Found
2022-04-22 14:31:05 error [www]: GET undefinedNot Found
2022-04-22 14:41:31 error [www]: GET undefinedNot Found
2022-04-29 16:43:55 error [www]: POST undefinedconnection is not defined
2022-04-29 16:49:10 error [www]: POST undefinedreq.body.values is not a function
2022-05-06 11:21:12 error [www]: GET undefinedgetWeather is not a function
2022-05-06 11:23:28 error [www]: GET undefinedgetWeather is not a function
2022-05-06 11:24:22 error [www]: GET undefinedgetWeather.getWeather is not a function
2022-05-06 13:08:23 error [www]: GET undefinedCannot access 'ip' before initialization
2022-05-06 13:10:05 error [www]: GET undefinedip.join is not a function
2022-05-06 13:10:37 error [www]: GET undefinedip.join is not a function
2022-05-06 13:12:53 error [www]: GET undefinedgetClientIp is not a function
2022-05-06 13:13:35 error [www]: GET undefinedip.join is not a function
2022-05-06 13:14:01 error [www]: GET undefinedip.join is not a function
2022-05-09 10:42:04 error [www]: GET undefinedloginStatu is not a function
2022-05-09 11:22:43 error [www]: GET undefinedgetMusicList is not defined
2022-08-16 09:50:46 error [www]: GET undefinedNot Found
2022-08-16 09:50:58 error [www]: GET undefinedNot Found
2022-08-16 09:51:46 error [www]: GET undefinedgetArticle is not a function
2022-08-16 10:13:29 error [www]: GET undefinedCannot read property 'then' of undefined
2022-08-16 10:13:40 error [www]: GET undefinedCannot read property 'then' of undefined
2022-08-16 10:14:10 error [www]: GET undefinedCannot read property 'then' of undefined
2022-08-16 10:14:59 error [www]: GET undefinedCannot read property 'then' of undefined
2022-08-16 14:50:01 error [www]: POST undefinedNot Found
2022-08-16 14:50:47 error [www]: POST undefinedNot Found
2022-09-26 11:34:36 error [www]: POST undefinedUnexpected token 1 in JSON at position 0
2022-10-11 14:39:45 error [www]: GET undefinedNot Found
2022-10-11 14:40:03 error [www]: GET undefinedNot Found
2022-10-11 16:06:34 error [www]: GET undefinedspl is not defined
2022-10-11 16:21:47 error [www]: POST undefinedis is not defined
2022-10-12 11:26:47 error [www]: POST undefinedNot Found
2022-10-12 11:29:21 error [www]: POST undefinedconnection.query is not a function
2022-10-12 11:38:20 error [www]: GET undefinedNot Found
2022-10-12 12:34:49 error [www]: GET undefinedNot Found
2022-10-12 12:37:00 error [www]: GET undefinedNot Found
2022-10-12 13:05:02 error [www]: GET undefinedNot Found
2022-10-12 13:14:41 error [www]: GET undefinedNot Found
2022-10-12 13:17:55 error [www]: GET undefinedNot Found
2022-10-12 13:24:58 error [www]: GET undefinedNot Found
2022-10-12 13:25:01 error [www]: GET undefinedNot Found
2022-10-12 13:35:35 error [www]: GET undefinedNot Found
2022-10-12 13:39:34 error [www]: GET undefinedNot Found
2022-10-12 13:39:39 error [www]: GET undefinedNot Found
2022-10-12 13:46:53 error [www]: GET undefinedNot Found
2022-10-12 13:50:12 error [www]: GET undefinedNot Found
2022-10-12 13:50:15 error [www]: GET undefinedreq.query is not a function
2022-10-12 13:50:57 error [www]: GET undefinedNot Found
2022-10-12 13:56:56 error [www]: GET undefinedNot Found
2022-10-12 14:00:02 error [www]: GET undefinedNot Found
2022-10-12 14:30:04 error [www]: GET undefinedNot Found
2022-10-12 14:34:59 error [www]: GET undefinedNot Found
2022-10-12 14:58:06 error [www]: GET undefinedNot Found
2022-10-12 14:58:39 error [www]: GET undefinedNot Found
2022-10-12 15:01:24 error [www]: GET undefinedNot Found
2022-10-12 15:05:39 error [www]: GET undefinedNot Found
2022-10-12 15:07:55 error [www]: GET undefinedNot Found
2022-10-12 15:09:20 error [www]: GET undefinedNot Found
2022-10-12 15:17:17 error [www]: GET undefinedNot Found
2022-10-12 15:17:53 error [www]: GET undefinedNot Found
2022-10-12 15:26:56 error [www]: GET undefinedNot Found
2022-10-12 15:27:38 error [www]: GET undefinedNot Found
2022-10-12 15:28:48 error [www]: GET undefinedNot Found
2022-10-12 15:29:58 error [www]: GET undefinedNot Found
2022-10-12 15:30:56 error [www]: GET undefinedNot Found
2022-10-12 15:36:05 error [www]: GET undefinedNot Found
2022-10-12 15:38:30 error [www]: GET undefinedNot Found
2022-10-12 16:04:44 error [www]: GET undefinedNot Found
2022-10-12 16:06:49 error [www]: GET undefinedNot Found
2022-10-12 16:12:38 error [www]: GET undefinedNot Found
2022-10-12 16:31:50 error [www]: GET undefinedNot Found
2022-10-12 16:39:43 error [www]: GET undefinedNot Found
2022-10-12 17:04:09 error [www]: GET undefinedNot Found
2022-10-12 17:20:08 error [www]: GET undefinedNot Found
2022-10-12 17:56:18 error [www]: GET undefinedNot Found
2022-10-12 17:56:48 error [www]: GET undefinedNot Found
2022-10-13 09:00:25 error [www]: GET undefinedNot Found
2022-10-13 09:44:16 error [www]: GET undefinedNot Found
2022-10-13 09:45:45 error [www]: GET undefinedNot Found
2022-10-13 09:46:58 error [www]: GET undefinedNot Found
2022-10-13 09:48:20 error [www]: GET undefinedNot Found
2022-10-13 09:50:20 error [www]: GET undefinedNot Found
2022-10-13 09:53:33 error [www]: GET undefinedNot Found
2022-10-13 10:12:09 error [www]: GET undefinedNot Found
2022-10-13 10:17:47 error [www]: GET undefinedNot Found
2022-10-13 10:48:24 error [www]: GET undefinedNot Found
2022-10-13 10:50:04 error [www]: GET undefinedNot Found
2022-10-13 10:52:56 error [www]: GET undefinedNot Found
2022-10-13 10:53:53 error [www]: GET undefinedNot Found
2022-10-13 10:55:45 error [www]: GET undefinedNot Found
2022-10-13 10:56:14 error [www]: GET undefinedNot Found
2022-10-13 11:00:33 error [www]: GET undefinedNot Found
2022-10-13 11:07:24 error [www]: GET undefinedNot Found
2022-10-13 11:32:50 error [www]: GET undefinedNot Found
2022-10-13 11:35:49 error [www]: GET undefinedNot Found
2022-10-13 11:38:00 error [www]: GET undefinedNot Found
2022-10-13 13:44:18 error [www]: GET undefinedNot Found
2022-10-13 14:43:10 error [www]: GET undefinedNot Found
2022-10-13 14:56:15 error [www]: GET undefinedNot Found
2022-10-13 14:56:38 error [www]: POST undefinedNot Found
2022-10-13 14:58:48 error [www]: GET undefinedNot Found
2022-10-13 15:15:37 error [www]: GET undefinedNot Found
2022-10-13 15:17:03 error [www]: GET undefinedNot Found
2022-10-13 15:39:19 error [www]: GET undefinedNot Found
2022-10-13 15:41:24 error [www]: GET undefinedNot Found
2022-10-13 15:48:39 error [www]: GET undefinedNot Found
2022-10-13 16:19:45 error [www]: GET undefinedNot Found
2022-10-14 10:44:30 error [www]: GET undefinedNot Found
2022-10-14 11:08:08 error [www]: GET undefinedNot Found
2022-10-26 17:01:57 error [www]: GET undefinedNot Found
2022-10-26 17:39:17 error [www]: GET undefinedNot Found
2022-12-06 14:28:26 error [www]: POST undefinedsqls.push(...).push is not a function
